<?xml version="1.0" encoding="UTF-8"?>
<!-- Generated by org.testng.reporters.JUnitReportReporter -->
<testsuite hostname="SUMIT-GOUR" failures="0" tests="4" name="TestNG.AnnotationAndPriority" time="10.840" errors="0" timestamp="2024-12-05T11:47:34 IST" skipped="0">
  <testcase classname="TestNG.AnnotationAndPriority" name="OpenApp" time="8.349"/>
  <testcase classname="TestNG.AnnotationAndPriority" name="Login" time="2.333"/>
  <testcase classname="TestNG.AnnotationAndPriority" name="Search" time="0.002"/>
  <testcase classname="TestNG.AnnotationAndPriority" name="CloseApp" time="0.156"/>
</testsuite> <!-- TestNG.AnnotationAndPriority -->
