<?xml version="1.0" encoding="UTF-8"?>
<!-- Generated by org.testng.reporters.JUnitReportReporter -->
<testsuite hostname="SUMIT-GOUR" failures="0" tests="4" name="TestNG.AnnotationAndPriority1" time="12.154" errors="0" timestamp="2024-12-06T11:13:27 IST" skipped="0">
  <testcase classname="TestNG.AnnotationAndPriority1" name="OpenApp" time="9.759"/>
  <testcase classname="TestNG.AnnotationAndPriority1" name="Login" time="2.151"/>
  <testcase classname="TestNG.AnnotationAndPriority1" name="Search" time="0.001"/>
  <testcase classname="TestNG.AnnotationAndPriority1" name="CloseApp" time="0.243"/>
</testsuite> <!-- TestNG.AnnotationAndPriority1 -->
