<?xml version="1.0" encoding="UTF-8"?>
<!-- Generated by org.testng.reporters.JUnitReportReporter -->
<testsuite hostname="SUMIT-GOUR" failures="0" tests="2" name="PageObjectModelTests.LoginTest" time="1.122" errors="0" timestamp="2024-12-11T11:37:29 IST" skipped="0">
  <testcase classname="PageObjectModelTests.LoginTest" name="Header" time="0.045"/>
  <testcase classname="PageObjectModelTests.LoginTest" name="Login" time="1.077"/>
</testsuite> <!-- PageObjectModelTests.LoginTest -->
