<?xml version="1.0" encoding="UTF-8"?>
<!-- Generated by org.testng.reporters.JUnitReportReporter -->
<testsuite hostname="SUMIT-GOUR" failures="0" tests="1" name="TestNG.Groups" time="0.010" errors="0" timestamp="2024-12-07T11:27:13 IST" skipped="0">
  <testcase classname="TestNG.Groups" name="Search" time="0.010"/>
</testsuite> <!-- TestNG.Groups -->
