<?xml version="1.0" encoding="UTF-8"?>
<!-- Generated by org.testng.reporters.JUnitReportReporter -->
<testsuite hostname="SUMIT-GOUR" failures="0" tests="3" name="ParallelTesting.TestGuru99MultipleSession" time="18.505" errors="0" timestamp="2024-12-27T11:55:10 IST" skipped="0">
  <testcase classname="ParallelTesting.TestGuru99MultipleSession" name="executeSessionOne" time="4.836"/>
  <testcase classname="ParallelTesting.TestGuru99MultipleSession" name="executeSessionTwo" time="6.681"/>
  <testcase classname="ParallelTesting.TestGuru99MultipleSession" name="executeSessionThree" time="6.988"/>
</testsuite> <!-- ParallelTesting.TestGuru99MultipleSession -->
